{"C:\\MujeresDigitalesEjercicios\\EjerciciosCodigo\\mi-nest-app-copy\\src\\app.controller.ts": {"path":"C:\\MujeresDigitalesEjercicios\\EjerciciosCodigo\\mi-nest-app-copy\\src\\app.controller.ts","statementMap":{"0":{"start":{"line":1,"column":0},"end":{"line":1,"column":49}},"1":{"start":{"line":2,"column":0},"end":{"line":2,"column":43}},"2":{"start":{"line":8,"column":7},"end":{"line":30,"column":null}},"3":{"start":{"line":10,"column":31},"end":{"line":10,"column":43}},"4":{"start":{"line":19,"column":4},"end":{"line":19,"column":38}},"5":{"start":{"line":28,"column":4},"end":{"line":28,"column":39}},"6":{"start":{"line":8,"column":13},"end":{"line":8,"column":26}},"7":{"start":{"line":18,"column":2},"end":{"line":20,"column":null}},"8":{"start":{"line":27,"column":2},"end":{"line":29,"column":null}},"9":{"start":{"line":8,"column":13},"end":{"line":30,"column":null}}},"fnMap":{"0":{"name":"(anonymous_2)","decl":{"start":{"line":10,"column":2},"end":{"line":10,"column":31}},"loc":{"start":{"line":10,"column":53},"end":{"line":10,"column":57}}},"1":{"name":"(anonymous_3)","decl":{"start":{"line":18,"column":2},"end":{"line":18,"column":10}},"loc":{"start":{"line":18,"column":10},"end":{"line":20,"column":3}}},"2":{"name":"(anonymous_4)","decl":{"start":{"line":27,"column":2},"end":{"line":27,"column":11}},"loc":{"start":{"line":27,"column":11},"end":{"line":29,"column":3}}}},"branchMap":{"0":{"loc":{"start":{"line":10,"column":43},"end":{"line":10,"column":56}},"type":"cond-expr","locations":[{"start":{"line":10,"column":53},"end":{"line":10,"column":56}},{"start":{"line":10,"column":53},"end":{"line":10,"column":56}}]},"1":{"loc":{"start":{"line":10,"column":43},"end":{"line":10,"column":53}},"type":"binary-expr","locations":[{"start":{"line":10,"column":43},"end":{"line":10,"column":56}},{"start":{"line":10,"column":43},"end":{"line":10,"column":53}}]}},"s":{"0":1,"1":1,"2":1,"3":1,"4":1,"5":0,"6":1,"7":1,"8":1,"9":1},"f":{"0":1,"1":1,"2":0},"b":{"0":[1,0],"1":[1,1]}}
,"C:\\MujeresDigitalesEjercicios\\EjerciciosCodigo\\mi-nest-app-copy\\src\\app.module.ts": {"path":"C:\\MujeresDigitalesEjercicios\\EjerciciosCodigo\\mi-nest-app-copy\\src\\app.module.ts","statementMap":{"0":{"start":{"line":1,"column":0},"end":{"line":1,"column":40}},"1":{"start":{"line":2,"column":0},"end":{"line":2,"column":59}},"2":{"start":{"line":3,"column":0},"end":{"line":3,"column":49}},"3":{"start":{"line":4,"column":0},"end":{"line":4,"column":43}},"4":{"start":{"line":5,"column":0},"end":{"line":5,"column":59}},"5":{"start":{"line":7,"column":0},"end":{"line":7,"column":68}},"6":{"start":{"line":8,"column":0},"end":{"line":8,"column":56}},"7":{"start":{"line":9,"column":0},"end":{"line":9,"column":48}},"8":{"start":{"line":52,"column":7},"end":{"line":52,"column":null}},"9":{"start":{"line":52,"column":13},"end":{"line":52,"column":22}},"10":{"start":{"line":52,"column":13},"end":{"line":52,"column":null}},"11":{"start":{"line":28,"column":42},"end":{"line":38,"column":8}}},"fnMap":{"0":{"name":"(anonymous_1)","decl":{"start":{"line":28,"column":17},"end":{"line":28,"column":18}},"loc":{"start":{"line":28,"column":42},"end":{"line":38,"column":8}}}},"branchMap":{},"s":{"0":0,"1":0,"2":0,"3":0,"4":0,"5":0,"6":0,"7":0,"8":0,"9":0,"10":0,"11":0},"f":{"0":0},"b":{}}
,"C:\\MujeresDigitalesEjercicios\\EjerciciosCodigo\\mi-nest-app-copy\\src\\app.service.ts": {"path":"C:\\MujeresDigitalesEjercicios\\EjerciciosCodigo\\mi-nest-app-copy\\src\\app.service.ts","statementMap":{"0":{"start":{"line":1,"column":0},"end":{"line":1,"column":44}},"1":{"start":{"line":8,"column":7},"end":{"line":22,"column":null}},"2":{"start":{"line":14,"column":4},"end":{"line":14,"column":26}},"3":{"start":{"line":21,"column":4},"end":{"line":21,"column":null}},"4":{"start":{"line":8,"column":13},"end":{"line":8,"column":23}},"5":{"start":{"line":8,"column":13},"end":{"line":22,"column":null}}},"fnMap":{"0":{"name":"(anonymous_1)","decl":{"start":{"line":13,"column":2},"end":{"line":13,"column":10}},"loc":{"start":{"line":13,"column":10},"end":{"line":15,"column":3}}},"1":{"name":"(anonymous_2)","decl":{"start":{"line":20,"column":2},"end":{"line":20,"column":11}},"loc":{"start":{"line":20,"column":11},"end":{"line":22,"column":1}}}},"branchMap":{},"s":{"0":1,"1":1,"2":1,"3":0,"4":1,"5":1},"f":{"0":1,"1":0},"b":{}}
,"C:\\MujeresDigitalesEjercicios\\EjerciciosCodigo\\mi-nest-app-copy\\src\\common\\exceptions\\bussiness.exception.ts": {"path":"C:\\MujeresDigitalesEjercicios\\EjerciciosCodigo\\mi-nest-app-copy\\src\\common\\exceptions\\bussiness.exception.ts","statementMap":{"0":{"start":{"line":1,"column":0},"end":{"line":1,"column":59}},"1":{"start":{"line":17,"column":8},"end":{"line":17,"column":null}},"2":{"start":{"line":10,"column":0},"end":{"line":10,"column":13}}},"fnMap":{"0":{"name":"(anonymous_0)","decl":{"start":{"line":15,"column":4},"end":{"line":15,"column":16}},"loc":{"start":{"line":15,"column":31},"end":{"line":18,"column":5}}}},"branchMap":{},"s":{"0":0,"1":0,"2":0},"f":{"0":0},"b":{}}
,"C:\\MujeresDigitalesEjercicios\\EjerciciosCodigo\\mi-nest-app-copy\\src\\common\\pipes\\parse-uppertrim.pipe.ts": {"path":"C:\\MujeresDigitalesEjercicios\\EjerciciosCodigo\\mi-nest-app-copy\\src\\common\\pipes\\parse-uppertrim.pipe.ts","statementMap":{"0":{"start":{"line":1,"column":0},"end":{"line":1,"column":76}},"1":{"start":{"line":4,"column":7},"end":{"line":14,"column":null}},"2":{"start":{"line":7,"column":8},"end":{"line":9,"column":9}},"3":{"start":{"line":8,"column":12},"end":{"line":8,"column":46}},"4":{"start":{"line":10,"column":8},"end":{"line":10,"column":21}},"5":{"start":{"line":4,"column":13},"end":{"line":4,"column":31}},"6":{"start":{"line":4,"column":13},"end":{"line":14,"column":null}}},"fnMap":{"0":{"name":"(anonymous_1)","decl":{"start":{"line":6,"column":4},"end":{"line":6,"column":13}},"loc":{"start":{"line":6,"column":54},"end":{"line":12,"column":5}}}},"branchMap":{"0":{"loc":{"start":{"line":7,"column":8},"end":{"line":9,"column":9}},"type":"if","locations":[{"start":{"line":7,"column":8},"end":{"line":9,"column":9}},{"start":{},"end":{}}]}},"s":{"0":1,"1":1,"2":0,"3":0,"4":0,"5":1,"6":1},"f":{"0":0},"b":{"0":[0,0]}}
,"C:\\MujeresDigitalesEjercicios\\EjerciciosCodigo\\mi-nest-app-copy\\src\\common\\pipes\\filters\\http-exception.filter.ts": {"path":"C:\\MujeresDigitalesEjercicios\\EjerciciosCodigo\\mi-nest-app-copy\\src\\common\\pipes\\filters\\http-exception.filter.ts","statementMap":{"0":{"start":{"line":1,"column":0},"end":{"line":1,"column":98}},"1":{"start":{"line":11,"column":7},"end":{"line":47,"column":null}},"2":{"start":{"line":19,"column":20},"end":{"line":19,"column":39}},"3":{"start":{"line":20,"column":25},"end":{"line":20,"column":42}},"4":{"start":{"line":21,"column":24},"end":{"line":21,"column":40}},"5":{"start":{"line":25,"column":23},"end":{"line":27,"column":46}},"6":{"start":{"line":30,"column":24},"end":{"line":32,"column":23}},"7":{"start":{"line":35,"column":8},"end":{"line":42,"column":null}},"8":{"start":{"line":11,"column":13},"end":{"line":11,"column":32}},"9":{"start":{"line":11,"column":13},"end":{"line":47,"column":null}}},"fnMap":{"0":{"name":"(anonymous_1)","decl":{"start":{"line":17,"column":4},"end":{"line":17,"column":9}},"loc":{"start":{"line":17,"column":49},"end":{"line":44,"column":5}}}},"branchMap":{"0":{"loc":{"start":{"line":25,"column":23},"end":{"line":27,"column":46}},"type":"cond-expr","locations":[{"start":{"line":26,"column":14},"end":{"line":26,"column":35}},{"start":{"line":27,"column":14},"end":{"line":27,"column":46}}]},"1":{"loc":{"start":{"line":30,"column":24},"end":{"line":32,"column":23}},"type":"cond-expr","locations":[{"start":{"line":31,"column":14},"end":{"line":31,"column":37}},{"start":{"line":32,"column":14},"end":{"line":32,"column":23}}]}},"s":{"0":0,"1":0,"2":0,"3":0,"4":0,"5":0,"6":0,"7":0,"8":0,"9":0},"f":{"0":0},"b":{"0":[0,0],"1":[0,0]}}
,"C:\\MujeresDigitalesEjercicios\\EjerciciosCodigo\\mi-nest-app-copy\\src\\modules\\auth\\auth.controller.ts": {"path":"C:\\MujeresDigitalesEjercicios\\EjerciciosCodigo\\mi-nest-app-copy\\src\\modules\\auth\\auth.controller.ts","statementMap":{"0":{"start":{"line":1,"column":0},"end":{"line":1,"column":81}},"1":{"start":{"line":2,"column":0},"end":{"line":2,"column":45}},"2":{"start":{"line":3,"column":0},"end":{"line":3,"column":45}},"3":{"start":{"line":4,"column":0},"end":{"line":4,"column":56}},"4":{"start":{"line":5,"column":0},"end":{"line":5,"column":43}},"5":{"start":{"line":13,"column":7},"end":{"line":50,"column":null}},"6":{"start":{"line":16,"column":34},"end":{"line":16,"column":46}},"7":{"start":{"line":25,"column":8},"end":{"line":25,"column":47}},"8":{"start":{"line":36,"column":8},"end":{"line":36,"column":44}},"9":{"start":{"line":48,"column":8},"end":{"line":48,"column":24}},"10":{"start":{"line":13,"column":13},"end":{"line":13,"column":27}},"11":{"start":{"line":24,"column":4},"end":{"line":26,"column":null}},"12":{"start":{"line":35,"column":10},"end":{"line":37,"column":null}},"13":{"start":{"line":47,"column":4},"end":{"line":49,"column":null}},"14":{"start":{"line":13,"column":13},"end":{"line":50,"column":null}}},"fnMap":{"0":{"name":"(anonymous_4)","decl":{"start":{"line":16,"column":4},"end":{"line":16,"column":34}},"loc":{"start":{"line":16,"column":57},"end":{"line":16,"column":60}}},"1":{"name":"(anonymous_5)","decl":{"start":{"line":24,"column":4},"end":{"line":24,"column":12}},"loc":{"start":{"line":24,"column":40},"end":{"line":26,"column":5}}},"2":{"name":"(anonymous_6)","decl":{"start":{"line":35,"column":10},"end":{"line":35,"column":15}},"loc":{"start":{"line":35,"column":38},"end":{"line":37,"column":5}}},"3":{"name":"(anonymous_7)","decl":{"start":{"line":47,"column":4},"end":{"line":47,"column":14}},"loc":{"start":{"line":47,"column":29},"end":{"line":49,"column":5}}}},"branchMap":{"0":{"loc":{"start":{"line":24,"column":27},"end":{"line":24,"column":null}},"type":"cond-expr","locations":[{"start":{"line":24,"column":40},"end":{"line":24,"column":null}},{"start":{"line":24,"column":40},"end":{"line":24,"column":null}}]},"1":{"loc":{"start":{"line":24,"column":27},"end":{"line":24,"column":40}},"type":"binary-expr","locations":[{"start":{"line":24,"column":27},"end":{"line":24,"column":null}},{"start":{"line":24,"column":27},"end":{"line":24,"column":40}}]},"2":{"loc":{"start":{"line":35,"column":30},"end":{"line":35,"column":null}},"type":"cond-expr","locations":[{"start":{"line":35,"column":38},"end":{"line":35,"column":null}},{"start":{"line":35,"column":38},"end":{"line":35,"column":null}}]},"3":{"loc":{"start":{"line":35,"column":30},"end":{"line":35,"column":38}},"type":"binary-expr","locations":[{"start":{"line":35,"column":30},"end":{"line":35,"column":null}},{"start":{"line":35,"column":30},"end":{"line":35,"column":38}}]},"4":{"loc":{"start":{"line":16,"column":46},"end":{"line":16,"column":59}},"type":"cond-expr","locations":[{"start":{"line":16,"column":57},"end":{"line":16,"column":59}},{"start":{"line":16,"column":57},"end":{"line":16,"column":59}}]},"5":{"loc":{"start":{"line":16,"column":46},"end":{"line":16,"column":57}},"type":"binary-expr","locations":[{"start":{"line":16,"column":46},"end":{"line":16,"column":59}},{"start":{"line":16,"column":46},"end":{"line":16,"column":57}}]}},"s":{"0":0,"1":0,"2":0,"3":0,"4":0,"5":0,"6":0,"7":0,"8":0,"9":0,"10":0,"11":0,"12":0,"13":0,"14":0},"f":{"0":0,"1":0,"2":0,"3":0},"b":{"0":[0,0],"1":[0,0],"2":[0,0],"3":[0,0],"4":[0,0],"5":[0,0]}}
,"C:\\MujeresDigitalesEjercicios\\EjerciciosCodigo\\mi-nest-app-copy\\src\\modules\\auth\\auth.module.ts": {"path":"C:\\MujeresDigitalesEjercicios\\EjerciciosCodigo\\mi-nest-app-copy\\src\\modules\\auth\\auth.module.ts","statementMap":{"0":{"start":{"line":1,"column":0},"end":{"line":1,"column":40}},"1":{"start":{"line":2,"column":0},"end":{"line":2,"column":45}},"2":{"start":{"line":3,"column":0},"end":{"line":3,"column":51}},"3":{"start":{"line":4,"column":0},"end":{"line":4,"column":48}},"4":{"start":{"line":5,"column":0},"end":{"line":5,"column":48}},"5":{"start":{"line":6,"column":0},"end":{"line":6,"column":50}},"6":{"start":{"line":7,"column":0},"end":{"line":7,"column":40}},"7":{"start":{"line":8,"column":0},"end":{"line":8,"column":61}},"8":{"start":{"line":9,"column":0},"end":{"line":9,"column":54}},"9":{"start":{"line":10,"column":0},"end":{"line":10,"column":45}},"10":{"start":{"line":42,"column":7},"end":{"line":42,"column":null}},"11":{"start":{"line":42,"column":13},"end":{"line":42,"column":23}},"12":{"start":{"line":42,"column":13},"end":{"line":42,"column":null}},"13":{"start":{"line":28,"column":42},"end":{"line":35,"column":8}}},"fnMap":{"0":{"name":"(anonymous_1)","decl":{"start":{"line":28,"column":17},"end":{"line":28,"column":18}},"loc":{"start":{"line":28,"column":42},"end":{"line":35,"column":8}}}},"branchMap":{"0":{"loc":{"start":{"line":31,"column":34},"end":{"line":31,"column":95}},"type":"binary-expr","locations":[{"start":{"line":31,"column":34},"end":{"line":31,"column":80}},{"start":{"line":31,"column":84},"end":{"line":31,"column":95}}]}},"s":{"0":0,"1":0,"2":0,"3":0,"4":0,"5":0,"6":0,"7":0,"8":0,"9":0,"10":0,"11":0,"12":0,"13":0},"f":{"0":0},"b":{"0":[0,0]}}
,"C:\\MujeresDigitalesEjercicios\\EjerciciosCodigo\\mi-nest-app-copy\\src\\modules\\auth\\auth.service.ts": {"path":"C:\\MujeresDigitalesEjercicios\\EjerciciosCodigo\\mi-nest-app-copy\\src\\modules\\auth\\auth.service.ts","statementMap":{"0":{"start":{"line":1,"column":0},"end":{"line":1,"column":67}},"1":{"start":{"line":3,"column":0},"end":{"line":3,"column":51}},"2":{"start":{"line":4,"column":0},"end":{"line":4,"column":48}},"3":{"start":{"line":5,"column":0},"end":{"line":5,"column":37}},"4":{"start":{"line":7,"column":0},"end":{"line":7,"column":33}},"5":{"start":{"line":9,"column":0},"end":{"line":9,"column":41}},"6":{"start":{"line":16,"column":7},"end":{"line":88,"column":null}},"7":{"start":{"line":21,"column":16},"end":{"line":21,"column":26}},"8":{"start":{"line":23,"column":16},"end":{"line":23,"column":28}},"9":{"start":{"line":35,"column":30},"end":{"line":35,"column":65}},"10":{"start":{"line":37,"column":28},"end":{"line":37,"column":85}},"11":{"start":{"line":39,"column":8},"end":{"line":39,"column":46}},"12":{"start":{"line":40,"column":8},"end":{"line":40,"column":null}},"13":{"start":{"line":54,"column":21},"end":{"line":54,"column":77}},"14":{"start":{"line":57,"column":8},"end":{"line":61,"column":9}},"15":{"start":{"line":59,"column":12},"end":{"line":59,"column":78}},"16":{"start":{"line":64,"column":31},"end":{"line":64,"column":81}},"17":{"start":{"line":67,"column":8},"end":{"line":71,"column":9}},"18":{"start":{"line":69,"column":12},"end":{"line":69,"column":79}},"19":{"start":{"line":74,"column":29},"end":{"line":74,"column":94}},"20":{"start":{"line":76,"column":22},"end":{"line":76,"column":67}},"21":{"start":{"line":78,"column":8},"end":{"line":82,"column":null}},"22":{"start":{"line":16,"column":13},"end":{"line":16,"column":24}},"23":{"start":{"line":16,"column":13},"end":{"line":88,"column":null}}},"fnMap":{"0":{"name":"(anonymous_13)","decl":{"start":{"line":18,"column":4},"end":{"line":18,"column":null}},"loc":{"start":{"line":23,"column":38},"end":{"line":24,"column":8}}},"1":{"name":"(anonymous_14)","decl":{"start":{"line":33,"column":4},"end":{"line":33,"column":9}},"loc":{"start":{"line":33,"column":37},"end":{"line":41,"column":5}}},"2":{"name":"(anonymous_15)","decl":{"start":{"line":52,"column":4},"end":{"line":52,"column":9}},"loc":{"start":{"line":52,"column":29},"end":{"line":84,"column":5}}}},"branchMap":{"0":{"loc":{"start":{"line":57,"column":8},"end":{"line":61,"column":9}},"type":"if","locations":[{"start":{"line":57,"column":8},"end":{"line":61,"column":9}},{"start":{},"end":{}}]},"1":{"loc":{"start":{"line":67,"column":8},"end":{"line":71,"column":9}},"type":"if","locations":[{"start":{"line":67,"column":8},"end":{"line":71,"column":9}},{"start":{},"end":{}}]},"2":{"loc":{"start":{"line":21,"column":26},"end":{"line":21,"column":42}},"type":"cond-expr","locations":[{"start":{"line":21,"column":36},"end":{"line":21,"column":42}},{"start":{"line":21,"column":36},"end":{"line":21,"column":42}}]},"3":{"loc":{"start":{"line":21,"column":26},"end":{"line":21,"column":36}},"type":"binary-expr","locations":[{"start":{"line":21,"column":26},"end":{"line":21,"column":42}},{"start":{"line":21,"column":26},"end":{"line":21,"column":36}}]},"4":{"loc":{"start":{"line":21,"column":36},"end":{"line":23,"column":null}},"type":"cond-expr","locations":[{"start":{"line":23,"column":38},"end":{"line":23,"column":null}},{"start":{"line":23,"column":38},"end":{"line":23,"column":null}}]},"5":{"loc":{"start":{"line":21,"column":36},"end":{"line":23,"column":38}},"type":"binary-expr","locations":[{"start":{"line":21,"column":36},"end":{"line":23,"column":null}},{"start":{"line":23,"column":28},"end":{"line":23,"column":38}}]}},"s":{"0":0,"1":0,"2":0,"3":0,"4":0,"5":0,"6":0,"7":0,"8":0,"9":0,"10":0,"11":0,"12":0,"13":0,"14":0,"15":0,"16":0,"17":0,"18":0,"19":0,"20":0,"21":0,"22":0,"23":0},"f":{"0":0,"1":0,"2":0},"b":{"0":[0,0],"1":[0,0],"2":[0,0],"3":[0,0],"4":[0,0],"5":[0,0]}}
,"C:\\MujeresDigitalesEjercicios\\EjerciciosCodigo\\mi-nest-app-copy\\src\\modules\\auth\\jwt.guard.ts": {"path":"C:\\MujeresDigitalesEjercicios\\EjerciciosCodigo\\mi-nest-app-copy\\src\\modules\\auth\\jwt.guard.ts","statementMap":{"0":{"start":{"line":1,"column":0},"end":{"line":1,"column":44}},"1":{"start":{"line":2,"column":0},"end":{"line":2,"column":45}},"2":{"start":{"line":11,"column":7},"end":{"line":13,"column":null}},"3":{"start":{"line":11,"column":13},"end":{"line":11,"column":25}},"4":{"start":{"line":11,"column":13},"end":{"line":13,"column":null}}},"fnMap":{},"branchMap":{},"s":{"0":0,"1":0,"2":0,"3":0,"4":0},"f":{},"b":{}}
,"C:\\MujeresDigitalesEjercicios\\EjerciciosCodigo\\mi-nest-app-copy\\src\\modules\\auth\\jwt.strategy.ts": {"path":"C:\\MujeresDigitalesEjercicios\\EjerciciosCodigo\\mi-nest-app-copy\\src\\modules\\auth\\jwt.strategy.ts","statementMap":{"0":{"start":{"line":1,"column":0},"end":{"line":1,"column":44}},"1":{"start":{"line":2,"column":0},"end":{"line":2,"column":47}},"2":{"start":{"line":3,"column":0},"end":{"line":3,"column":52}},"3":{"start":{"line":4,"column":0},"end":{"line":4,"column":51}},"4":{"start":{"line":13,"column":7},"end":{"line":41,"column":null}},"5":{"start":{"line":19,"column":8},"end":{"line":27,"column":null}},"6":{"start":{"line":18,"column":24},"end":{"line":18,"column":39}},"7":{"start":{"line":37,"column":8},"end":{"line":39,"column":null}},"8":{"start":{"line":13,"column":13},"end":{"line":13,"column":24}},"9":{"start":{"line":13,"column":13},"end":{"line":41,"column":null}}},"fnMap":{"0":{"name":"(anonymous_2)","decl":{"start":{"line":18,"column":4},"end":{"line":18,"column":24}},"loc":{"start":{"line":18,"column":52},"end":{"line":28,"column":5}}},"1":{"name":"(anonymous_3)","decl":{"start":{"line":36,"column":4},"end":{"line":36,"column":9}},"loc":{"start":{"line":36,"column":31},"end":{"line":40,"column":5}}}},"branchMap":{"0":{"loc":{"start":{"line":18,"column":39},"end":{"line":18,"column":null}},"type":"cond-expr","locations":[{"start":{"line":18,"column":52},"end":{"line":18,"column":null}},{"start":{"line":18,"column":52},"end":{"line":18,"column":null}}]},"1":{"loc":{"start":{"line":18,"column":39},"end":{"line":18,"column":52}},"type":"binary-expr","locations":[{"start":{"line":18,"column":39},"end":{"line":18,"column":null}},{"start":{"line":18,"column":39},"end":{"line":18,"column":52}}]}},"s":{"0":0,"1":0,"2":0,"3":0,"4":0,"5":0,"6":0,"7":0,"8":0,"9":0},"f":{"0":0,"1":0},"b":{"0":[0,0],"1":[0,0]}}
,"C:\\MujeresDigitalesEjercicios\\EjerciciosCodigo\\mi-nest-app-copy\\src\\modules\\auth\\roles.decorator.ts": {"path":"C:\\MujeresDigitalesEjercicios\\EjerciciosCodigo\\mi-nest-app-copy\\src\\modules\\auth\\roles.decorator.ts","statementMap":{"0":{"start":{"line":1,"column":0},"end":{"line":1,"column":45}},"1":{"start":{"line":6,"column":13},"end":{"line":6,"column":33}},"2":{"start":{"line":14,"column":19},"end":{"line":14,"column":71}},"3":{"start":{"line":14,"column":43},"end":{"line":14,"column":71}},"4":{"start":{"line":14,"column":13},"end":{"line":14,"column":19}}},"fnMap":{"0":{"name":"(anonymous_0)","decl":{"start":{"line":14,"column":19},"end":{"line":14,"column":20}},"loc":{"start":{"line":14,"column":43},"end":{"line":14,"column":71}}}},"branchMap":{},"s":{"0":0,"1":0,"2":0,"3":0,"4":0},"f":{"0":0},"b":{}}
,"C:\\MujeresDigitalesEjercicios\\EjerciciosCodigo\\mi-nest-app-copy\\src\\modules\\auth\\roles.guard.ts": {"path":"C:\\MujeresDigitalesEjercicios\\EjerciciosCodigo\\mi-nest-app-copy\\src\\modules\\auth\\roles.guard.ts","statementMap":{"0":{"start":{"line":1,"column":0},"end":{"line":1,"column":95}},"1":{"start":{"line":2,"column":0},"end":{"line":2,"column":41}},"2":{"start":{"line":4,"column":0},"end":{"line":4,"column":46}},"3":{"start":{"line":5,"column":0},"end":{"line":5,"column":79}},"4":{"start":{"line":14,"column":7},"end":{"line":46,"column":null}},"5":{"start":{"line":16,"column":25},"end":{"line":16,"column":36}},"6":{"start":{"line":24,"column":30},"end":{"line":27,"column":10}},"7":{"start":{"line":30,"column":8},"end":{"line":30,"column":40}},"8":{"start":{"line":30,"column":28},"end":{"line":30,"column":40}},"9":{"start":{"line":33,"column":23},"end":{"line":33,"column":58}},"10":{"start":{"line":36,"column":8},"end":{"line":36,"column":null}},"11":{"start":{"line":36,"column":19},"end":{"line":36,"column":null}},"12":{"start":{"line":39,"column":8},"end":{"line":42,"column":9}},"13":{"start":{"line":41,"column":12},"end":{"line":41,"column":null}},"14":{"start":{"line":44,"column":8},"end":{"line":44,"column":20}},"15":{"start":{"line":14,"column":13},"end":{"line":14,"column":23}},"16":{"start":{"line":14,"column":13},"end":{"line":46,"column":null}}},"fnMap":{"0":{"name":"(anonymous_2)","decl":{"start":{"line":16,"column":4},"end":{"line":16,"column":25}},"loc":{"start":{"line":16,"column":45},"end":{"line":16,"column":49}}},"1":{"name":"(anonymous_3)","decl":{"start":{"line":22,"column":4},"end":{"line":22,"column":15}},"loc":{"start":{"line":22,"column":41},"end":{"line":45,"column":5}}}},"branchMap":{"0":{"loc":{"start":{"line":30,"column":8},"end":{"line":30,"column":40}},"type":"if","locations":[{"start":{"line":30,"column":8},"end":{"line":30,"column":40}},{"start":{},"end":{}}]},"1":{"loc":{"start":{"line":36,"column":8},"end":{"line":36,"column":null}},"type":"if","locations":[{"start":{"line":36,"column":8},"end":{"line":36,"column":null}},{"start":{},"end":{}}]},"2":{"loc":{"start":{"line":39,"column":8},"end":{"line":42,"column":9}},"type":"if","locations":[{"start":{"line":39,"column":8},"end":{"line":42,"column":9}},{"start":{},"end":{}}]},"3":{"loc":{"start":{"line":16,"column":36},"end":{"line":16,"column":48}},"type":"cond-expr","locations":[{"start":{"line":16,"column":45},"end":{"line":16,"column":48}},{"start":{"line":16,"column":45},"end":{"line":16,"column":48}}]},"4":{"loc":{"start":{"line":16,"column":36},"end":{"line":16,"column":45}},"type":"binary-expr","locations":[{"start":{"line":16,"column":36},"end":{"line":16,"column":48}},{"start":{"line":16,"column":36},"end":{"line":16,"column":45}}]}},"s":{"0":0,"1":0,"2":0,"3":0,"4":0,"5":0,"6":0,"7":0,"8":0,"9":0,"10":0,"11":0,"12":0,"13":0,"14":0,"15":0,"16":0},"f":{"0":0,"1":0},"b":{"0":[0,0],"1":[0,0],"2":[0,0],"3":[0,0],"4":[0,0]}}
,"C:\\MujeresDigitalesEjercicios\\EjerciciosCodigo\\mi-nest-app-copy\\src\\modules\\products\\products.controller.ts": {"path":"C:\\MujeresDigitalesEjercicios\\EjerciciosCodigo\\mi-nest-app-copy\\src\\modules\\products\\products.controller.ts","statementMap":{"0":{"start":{"line":1,"column":0},"end":{"line":1,"column":121}},"1":{"start":{"line":2,"column":0},"end":{"line":2,"column":53}},"2":{"start":{"line":3,"column":0},"end":{"line":3,"column":63}},"3":{"start":{"line":4,"column":0},"end":{"line":4,"column":63}},"4":{"start":{"line":5,"column":0},"end":{"line":5,"column":49}},"5":{"start":{"line":6,"column":0},"end":{"line":6,"column":75}},"6":{"start":{"line":7,"column":0},"end":{"line":7,"column":49}},"7":{"start":{"line":8,"column":0},"end":{"line":8,"column":53}},"8":{"start":{"line":9,"column":0},"end":{"line":9,"column":48}},"9":{"start":{"line":18,"column":7},"end":{"line":91,"column":null}},"10":{"start":{"line":22,"column":33},"end":{"line":22,"column":50}},"11":{"start":{"line":31,"column":8},"end":{"line":31,"column":50}},"12":{"start":{"line":43,"column":8},"end":{"line":43,"column":57}},"13":{"start":{"line":57,"column":8},"end":{"line":57,"column":49}},"14":{"start":{"line":72,"column":8},"end":{"line":72,"column":null}},"15":{"start":{"line":89,"column":8},"end":{"line":89,"column":51}},"16":{"start":{"line":18,"column":13},"end":{"line":18,"column":31}},"17":{"start":{"line":30,"column":4},"end":{"line":32,"column":null}},"18":{"start":{"line":42,"column":4},"end":{"line":44,"column":null}},"19":{"start":{"line":56,"column":4},"end":{"line":58,"column":null}},"20":{"start":{"line":71,"column":4},"end":{"line":73,"column":null}},"21":{"start":{"line":86,"column":4},"end":{"line":90,"column":null}},"22":{"start":{"line":18,"column":13},"end":{"line":91,"column":null}}},"fnMap":{"0":{"name":"(anonymous_4)","decl":{"start":{"line":22,"column":4},"end":{"line":22,"column":33}},"loc":{"start":{"line":22,"column":65},"end":{"line":22,"column":68}}},"1":{"name":"(anonymous_5)","decl":{"start":{"line":30,"column":4},"end":{"line":30,"column":14}},"loc":{"start":{"line":30,"column":14},"end":{"line":32,"column":5}}},"2":{"name":"(anonymous_6)","decl":{"start":{"line":42,"column":4},"end":{"line":42,"column":14}},"loc":{"start":{"line":42,"column":70},"end":{"line":44,"column":5}}},"3":{"name":"(anonymous_7)","decl":{"start":{"line":56,"column":4},"end":{"line":56,"column":10}},"loc":{"start":{"line":56,"column":40},"end":{"line":58,"column":5}}},"4":{"name":"(anonymous_8)","decl":{"start":{"line":71,"column":4},"end":{"line":71,"column":10}},"loc":{"start":{"line":71,"column":77},"end":{"line":73,"column":5}}},"5":{"name":"(anonymous_9)","decl":{"start":{"line":86,"column":4},"end":{"line":86,"column":10}},"loc":{"start":{"line":86,"column":47},"end":{"line":90,"column":5}}}},"branchMap":{"0":{"loc":{"start":{"line":56,"column":24},"end":{"line":56,"column":null}},"type":"cond-expr","locations":[{"start":{"line":56,"column":40},"end":{"line":56,"column":null}},{"start":{"line":56,"column":40},"end":{"line":56,"column":null}}]},"1":{"loc":{"start":{"line":56,"column":24},"end":{"line":56,"column":40}},"type":"binary-expr","locations":[{"start":{"line":56,"column":24},"end":{"line":56,"column":null}},{"start":{"line":56,"column":24},"end":{"line":56,"column":40}}]},"2":{"loc":{"start":{"line":71,"column":61},"end":{"line":71,"column":null}},"type":"cond-expr","locations":[{"start":{"line":71,"column":77},"end":{"line":71,"column":null}},{"start":{"line":71,"column":77},"end":{"line":71,"column":null}}]},"3":{"loc":{"start":{"line":71,"column":61},"end":{"line":71,"column":77}},"type":"binary-expr","locations":[{"start":{"line":71,"column":61},"end":{"line":71,"column":null}},{"start":{"line":71,"column":61},"end":{"line":71,"column":77}}]},"4":{"loc":{"start":{"line":22,"column":50},"end":{"line":22,"column":67}},"type":"cond-expr","locations":[{"start":{"line":22,"column":65},"end":{"line":22,"column":67}},{"start":{"line":22,"column":65},"end":{"line":22,"column":67}}]},"5":{"loc":{"start":{"line":22,"column":50},"end":{"line":22,"column":65}},"type":"binary-expr","locations":[{"start":{"line":22,"column":50},"end":{"line":22,"column":67}},{"start":{"line":22,"column":50},"end":{"line":22,"column":65}}]}},"s":{"0":0,"1":0,"2":0,"3":0,"4":0,"5":0,"6":0,"7":0,"8":0,"9":0,"10":0,"11":0,"12":0,"13":0,"14":0,"15":0,"16":0,"17":0,"18":0,"19":0,"20":0,"21":0,"22":0},"f":{"0":0,"1":0,"2":0,"3":0,"4":0,"5":0},"b":{"0":[0,0],"1":[0,0],"2":[0,0],"3":[0,0],"4":[0,0],"5":[0,0]}}
,"C:\\MujeresDigitalesEjercicios\\EjerciciosCodigo\\mi-nest-app-copy\\src\\modules\\products\\products.module.ts": {"path":"C:\\MujeresDigitalesEjercicios\\EjerciciosCodigo\\mi-nest-app-copy\\src\\modules\\products\\products.module.ts","statementMap":{"0":{"start":{"line":1,"column":0},"end":{"line":1,"column":40}},"1":{"start":{"line":2,"column":0},"end":{"line":2,"column":59}},"2":{"start":{"line":3,"column":0},"end":{"line":3,"column":53}},"3":{"start":{"line":4,"column":0},"end":{"line":4,"column":48}},"4":{"start":{"line":5,"column":0},"end":{"line":5,"column":54}},"5":{"start":{"line":6,"column":0},"end":{"line":6,"column":75}},"6":{"start":{"line":28,"column":7},"end":{"line":28,"column":null}},"7":{"start":{"line":28,"column":13},"end":{"line":28,"column":27}},"8":{"start":{"line":28,"column":13},"end":{"line":28,"column":null}}},"fnMap":{},"branchMap":{},"s":{"0":0,"1":0,"2":0,"3":0,"4":0,"5":0,"6":0,"7":0,"8":0},"f":{},"b":{}}
,"C:\\MujeresDigitalesEjercicios\\EjerciciosCodigo\\mi-nest-app-copy\\src\\modules\\products\\products.service.ts": {"path":"C:\\MujeresDigitalesEjercicios\\EjerciciosCodigo\\mi-nest-app-copy\\src\\modules\\products\\products.service.ts","statementMap":{"0":{"start":{"line":1,"column":0},"end":{"line":1,"column":63}},"1":{"start":{"line":2,"column":0},"end":{"line":2,"column":51}},"2":{"start":{"line":3,"column":0},"end":{"line":3,"column":75}},"3":{"start":{"line":6,"column":0},"end":{"line":6,"column":54}},"4":{"start":{"line":7,"column":0},"end":{"line":7,"column":45}},"5":{"start":{"line":22,"column":7},"end":{"line":159,"column":null}},"6":{"start":{"line":31,"column":16},"end":{"line":31,"column":28}},"7":{"start":{"line":33,"column":25},"end":{"line":33,"column":41}},"8":{"start":{"line":43,"column":8},"end":{"line":43,"column":39}},"9":{"start":{"line":59,"column":33},"end":{"line":59,"column":78}},"10":{"start":{"line":60,"column":33},"end":{"line":60,"column":57}},"11":{"start":{"line":66,"column":35},"end":{"line":71,"column":10}},"12":{"start":{"line":73,"column":8},"end":{"line":77,"column":5}},"13":{"start":{"line":74,"column":12},"end":{"line":74,"column":48}},"14":{"start":{"line":75,"column":15},"end":{"line":77,"column":5}},"15":{"start":{"line":76,"column":12},"end":{"line":76,"column":49}},"16":{"start":{"line":80,"column":8},"end":{"line":86,"column":9}},"17":{"start":{"line":83,"column":12},"end":{"line":83,"column":62}},"18":{"start":{"line":84,"column":12},"end":{"line":84,"column":66}},"19":{"start":{"line":89,"column":28},"end":{"line":93,"column":10}},"20":{"start":{"line":96,"column":8},"end":{"line":100,"column":9}},"21":{"start":{"line":98,"column":12},"end":{"line":98,"column":96}},"22":{"start":{"line":102,"column":8},"end":{"line":102,"column":27}},"23":{"start":{"line":113,"column":30},"end":{"line":113,"column":65}},"24":{"start":{"line":115,"column":7},"end":{"line":115,"column":52}},"25":{"start":{"line":129,"column":12},"end":{"line":129,"column":null}},"26":{"start":{"line":131,"column":12},"end":{"line":131,"column":45}},"27":{"start":{"line":146,"column":23},"end":{"line":149,"column":10}},"28":{"start":{"line":151,"column":8},"end":{"line":154,"column":9}},"29":{"start":{"line":153,"column":12},"end":{"line":153,"column":79}},"30":{"start":{"line":156,"column":8},"end":{"line":156,"column":74}},"31":{"start":{"line":22,"column":13},"end":{"line":22,"column":28}},"32":{"start":{"line":22,"column":13},"end":{"line":159,"column":null}}},"fnMap":{"0":{"name":"(anonymous_4)","decl":{"start":{"line":28,"column":4},"end":{"line":28,"column":null}},"loc":{"start":{"line":33,"column":59},"end":{"line":34,"column":7}}},"1":{"name":"(anonymous_5)","decl":{"start":{"line":42,"column":4},"end":{"line":42,"column":15}},"loc":{"start":{"line":42,"column":15},"end":{"line":44,"column":5}}},"2":{"name":"(anonymous_6)","decl":{"start":{"line":55,"column":4},"end":{"line":55,"column":9}},"loc":{"start":{"line":55,"column":37},"end":{"line":103,"column":5}}},"3":{"name":"(anonymous_7)","decl":{"start":{"line":111,"column":4},"end":{"line":111,"column":10}},"loc":{"start":{"line":111,"column":39},"end":{"line":117,"column":5}}},"4":{"name":"(anonymous_8)","decl":{"start":{"line":127,"column":4},"end":{"line":127,"column":9}},"loc":{"start":{"line":127,"column":65},"end":{"line":132,"column":9}}},"5":{"name":"(anonymous_9)","decl":{"start":{"line":143,"column":4},"end":{"line":143,"column":9}},"loc":{"start":{"line":143,"column":31},"end":{"line":157,"column":5}}}},"branchMap":{"0":{"loc":{"start":{"line":73,"column":8},"end":{"line":77,"column":5}},"type":"if","locations":[{"start":{"line":73,"column":8},"end":{"line":77,"column":5}},{"start":{"line":75,"column":15},"end":{"line":77,"column":5}}]},"1":{"loc":{"start":{"line":75,"column":15},"end":{"line":77,"column":5}},"type":"if","locations":[{"start":{"line":75,"column":15},"end":{"line":77,"column":5}},{"start":{},"end":{}}]},"2":{"loc":{"start":{"line":80,"column":8},"end":{"line":86,"column":9}},"type":"if","locations":[{"start":{"line":80,"column":8},"end":{"line":86,"column":9}},{"start":{},"end":{}}]},"3":{"loc":{"start":{"line":96,"column":8},"end":{"line":100,"column":9}},"type":"if","locations":[{"start":{"line":96,"column":8},"end":{"line":100,"column":9}},{"start":{},"end":{}}]},"4":{"loc":{"start":{"line":96,"column":12},"end":{"line":96,"column":52}},"type":"binary-expr","locations":[{"start":{"line":96,"column":12},"end":{"line":96,"column":24}},{"start":{"line":96,"column":28},"end":{"line":96,"column":52}}]},"5":{"loc":{"start":{"line":151,"column":8},"end":{"line":154,"column":9}},"type":"if","locations":[{"start":{"line":151,"column":8},"end":{"line":154,"column":9}},{"start":{},"end":{}}]},"6":{"loc":{"start":{"line":31,"column":28},"end":{"line":31,"column":47}},"type":"cond-expr","locations":[{"start":{"line":31,"column":38},"end":{"line":31,"column":47}},{"start":{"line":31,"column":38},"end":{"line":31,"column":47}}]},"7":{"loc":{"start":{"line":31,"column":28},"end":{"line":31,"column":38}},"type":"binary-expr","locations":[{"start":{"line":31,"column":28},"end":{"line":31,"column":47}},{"start":{"line":31,"column":28},"end":{"line":31,"column":38}}]},"8":{"loc":{"start":{"line":31,"column":38},"end":{"line":33,"column":null}},"type":"cond-expr","locations":[{"start":{"line":33,"column":59},"end":{"line":33,"column":null}},{"start":{"line":33,"column":59},"end":{"line":33,"column":null}}]},"9":{"loc":{"start":{"line":31,"column":38},"end":{"line":33,"column":59}},"type":"binary-expr","locations":[{"start":{"line":31,"column":38},"end":{"line":33,"column":null}},{"start":{"line":33,"column":41},"end":{"line":33,"column":59}}]}},"s":{"0":1,"1":1,"2":1,"3":1,"4":1,"5":1,"6":1,"7":1,"8":0,"9":0,"10":0,"11":0,"12":0,"13":0,"14":0,"15":0,"16":0,"17":0,"18":0,"19":0,"20":0,"21":0,"22":0,"23":0,"24":0,"25":0,"26":0,"27":1,"28":1,"29":0,"30":1,"31":1,"32":1},"f":{"0":1,"1":0,"2":0,"3":0,"4":0,"5":1},"b":{"0":[0,0],"1":[0,0],"2":[0,0],"3":[0,0],"4":[0,0],"5":[0,1],"6":[1,0],"7":[1,1],"8":[1,0],"9":[1,1]}}
,"C:\\MujeresDigitalesEjercicios\\EjerciciosCodigo\\mi-nest-app-copy\\src\\modules\\users\\users.controller.ts": {"path":"C:\\MujeresDigitalesEjercicios\\EjerciciosCodigo\\mi-nest-app-copy\\src\\modules\\users\\users.controller.ts","statementMap":{"0":{"start":{"line":1,"column":0},"end":{"line":1,"column":106}},"1":{"start":{"line":2,"column":0},"end":{"line":2,"column":47}},"2":{"start":{"line":3,"column":0},"end":{"line":3,"column":56}},"3":{"start":{"line":4,"column":0},"end":{"line":4,"column":56}},"4":{"start":{"line":5,"column":0},"end":{"line":5,"column":49}},"5":{"start":{"line":6,"column":0},"end":{"line":6,"column":49}},"6":{"start":{"line":7,"column":0},"end":{"line":7,"column":48}},"7":{"start":{"line":8,"column":0},"end":{"line":8,"column":53}},"8":{"start":{"line":18,"column":7},"end":{"line":87,"column":null}},"9":{"start":{"line":20,"column":33},"end":{"line":20,"column":47}},"10":{"start":{"line":31,"column":8},"end":{"line":31,"column":43}},"11":{"start":{"line":45,"column":8},"end":{"line":45,"column":45}},"12":{"start":{"line":58,"column":8},"end":{"line":58,"column":46}},"13":{"start":{"line":72,"column":8},"end":{"line":72,"column":null}},"14":{"start":{"line":85,"column":8},"end":{"line":85,"column":44}},"15":{"start":{"line":18,"column":13},"end":{"line":18,"column":28}},"16":{"start":{"line":30,"column":4},"end":{"line":32,"column":null}},"17":{"start":{"line":43,"column":4},"end":{"line":46,"column":null}},"18":{"start":{"line":57,"column":4},"end":{"line":59,"column":null}},"19":{"start":{"line":71,"column":4},"end":{"line":73,"column":null}},"20":{"start":{"line":84,"column":4},"end":{"line":86,"column":null}},"21":{"start":{"line":18,"column":13},"end":{"line":87,"column":null}}},"fnMap":{"0":{"name":"(anonymous_4)","decl":{"start":{"line":20,"column":4},"end":{"line":20,"column":33}},"loc":{"start":{"line":20,"column":59},"end":{"line":20,"column":62}}},"1":{"name":"(anonymous_5)","decl":{"start":{"line":30,"column":4},"end":{"line":30,"column":11}},"loc":{"start":{"line":30,"column":11},"end":{"line":32,"column":5}}},"2":{"name":"(anonymous_6)","decl":{"start":{"line":43,"column":4},"end":{"line":43,"column":11}},"loc":{"start":{"line":43,"column":48},"end":{"line":46,"column":5}}},"3":{"name":"(anonymous_7)","decl":{"start":{"line":57,"column":4},"end":{"line":57,"column":10}},"loc":{"start":{"line":57,"column":39},"end":{"line":59,"column":5}}},"4":{"name":"(anonymous_8)","decl":{"start":{"line":71,"column":4},"end":{"line":71,"column":10}},"loc":{"start":{"line":71,"column":76},"end":{"line":73,"column":5}}},"5":{"name":"(anonymous_9)","decl":{"start":{"line":84,"column":4},"end":{"line":84,"column":10}},"loc":{"start":{"line":84,"column":47},"end":{"line":86,"column":5}}}},"branchMap":{"0":{"loc":{"start":{"line":57,"column":26},"end":{"line":57,"column":null}},"type":"cond-expr","locations":[{"start":{"line":57,"column":39},"end":{"line":57,"column":null}},{"start":{"line":57,"column":39},"end":{"line":57,"column":null}}]},"1":{"loc":{"start":{"line":57,"column":26},"end":{"line":57,"column":39}},"type":"binary-expr","locations":[{"start":{"line":57,"column":26},"end":{"line":57,"column":null}},{"start":{"line":57,"column":26},"end":{"line":57,"column":39}}]},"2":{"loc":{"start":{"line":71,"column":63},"end":{"line":71,"column":null}},"type":"cond-expr","locations":[{"start":{"line":71,"column":76},"end":{"line":71,"column":null}},{"start":{"line":71,"column":76},"end":{"line":71,"column":null}}]},"3":{"loc":{"start":{"line":71,"column":63},"end":{"line":71,"column":76}},"type":"binary-expr","locations":[{"start":{"line":71,"column":63},"end":{"line":71,"column":null}},{"start":{"line":71,"column":63},"end":{"line":71,"column":76}}]},"4":{"loc":{"start":{"line":20,"column":47},"end":{"line":20,"column":61}},"type":"cond-expr","locations":[{"start":{"line":20,"column":59},"end":{"line":20,"column":61}},{"start":{"line":20,"column":59},"end":{"line":20,"column":61}}]},"5":{"loc":{"start":{"line":20,"column":47},"end":{"line":20,"column":59}},"type":"binary-expr","locations":[{"start":{"line":20,"column":47},"end":{"line":20,"column":61}},{"start":{"line":20,"column":47},"end":{"line":20,"column":59}}]}},"s":{"0":0,"1":0,"2":0,"3":0,"4":0,"5":0,"6":0,"7":0,"8":0,"9":0,"10":0,"11":0,"12":0,"13":0,"14":0,"15":0,"16":0,"17":0,"18":0,"19":0,"20":0,"21":0},"f":{"0":0,"1":0,"2":0,"3":0,"4":0,"5":0},"b":{"0":[0,0],"1":[0,0],"2":[0,0],"3":[0,0],"4":[0,0],"5":[0,0]}}
,"C:\\MujeresDigitalesEjercicios\\EjerciciosCodigo\\mi-nest-app-copy\\src\\modules\\users\\users.module.ts": {"path":"C:\\MujeresDigitalesEjercicios\\EjerciciosCodigo\\mi-nest-app-copy\\src\\modules\\users\\users.module.ts","statementMap":{"0":{"start":{"line":1,"column":0},"end":{"line":1,"column":40}},"1":{"start":{"line":2,"column":0},"end":{"line":2,"column":53}},"2":{"start":{"line":3,"column":0},"end":{"line":3,"column":47}},"3":{"start":{"line":4,"column":0},"end":{"line":4,"column":48}},"4":{"start":{"line":5,"column":0},"end":{"line":5,"column":48}},"5":{"start":{"line":17,"column":7},"end":{"line":17,"column":null}},"6":{"start":{"line":17,"column":13},"end":{"line":17,"column":24}},"7":{"start":{"line":17,"column":13},"end":{"line":17,"column":null}}},"fnMap":{},"branchMap":{},"s":{"0":0,"1":0,"2":0,"3":0,"4":0,"5":0,"6":0,"7":0},"f":{},"b":{}}
,"C:\\MujeresDigitalesEjercicios\\EjerciciosCodigo\\mi-nest-app-copy\\src\\modules\\users\\users.service.ts": {"path":"C:\\MujeresDigitalesEjercicios\\EjerciciosCodigo\\mi-nest-app-copy\\src\\modules\\users\\users.service.ts","statementMap":{"0":{"start":{"line":1,"column":0},"end":{"line":1,"column":63}},"1":{"start":{"line":2,"column":0},"end":{"line":2,"column":51}},"2":{"start":{"line":6,"column":0},"end":{"line":6,"column":48}},"3":{"start":{"line":7,"column":0},"end":{"line":7,"column":33}},"4":{"start":{"line":8,"column":0},"end":{"line":8,"column":37}},"5":{"start":{"line":15,"column":7},"end":{"line":96,"column":null}},"6":{"start":{"line":21,"column":16},"end":{"line":21,"column":26}},"7":{"start":{"line":30,"column":8},"end":{"line":30,"column":37}},"8":{"start":{"line":42,"column":23},"end":{"line":42,"column":66}},"9":{"start":{"line":43,"column":8},"end":{"line":43,"column":null}},"10":{"start":{"line":43,"column":23},"end":{"line":43,"column":null}},"11":{"start":{"line":44,"column":8},"end":{"line":44,"column":null}},"12":{"start":{"line":55,"column":28},"end":{"line":55,"column":58}},"13":{"start":{"line":56,"column":8},"end":{"line":56,"column":48}},"14":{"start":{"line":67,"column":29},"end":{"line":67,"column":44}},"15":{"start":{"line":70,"column":8},"end":{"line":74,"column":9}},"16":{"start":{"line":72,"column":35},"end":{"line":72,"column":77}},"17":{"start":{"line":73,"column":12},"end":{"line":73,"column":null}},"18":{"start":{"line":77,"column":8},"end":{"line":77,"column":94}},"19":{"start":{"line":79,"column":8},"end":{"line":79,"column":32}},"20":{"start":{"line":90,"column":23},"end":{"line":90,"column":54}},"21":{"start":{"line":92,"column":8},"end":{"line":92,"column":null}},"22":{"start":{"line":92,"column":34},"end":{"line":92,"column":null}},"23":{"start":{"line":93,"column":8},"end":{"line":93,"column":null}},"24":{"start":{"line":15,"column":13},"end":{"line":15,"column":25}},"25":{"start":{"line":15,"column":13},"end":{"line":96,"column":null}}},"fnMap":{"0":{"name":"(anonymous_13)","decl":{"start":{"line":17,"column":4},"end":{"line":17,"column":null}},"loc":{"start":{"line":21,"column":42},"end":{"line":23,"column":7}}},"1":{"name":"(anonymous_14)","decl":{"start":{"line":29,"column":4},"end":{"line":29,"column":11}},"loc":{"start":{"line":29,"column":11},"end":{"line":31,"column":5}}},"2":{"name":"(anonymous_15)","decl":{"start":{"line":40,"column":4},"end":{"line":40,"column":9}},"loc":{"start":{"line":40,"column":27},"end":{"line":46,"column":5}}},"3":{"name":"(anonymous_16)","decl":{"start":{"line":54,"column":4},"end":{"line":54,"column":10}},"loc":{"start":{"line":54,"column":33},"end":{"line":57,"column":5}}},"4":{"name":"(anonymous_17)","decl":{"start":{"line":65,"column":4},"end":{"line":65,"column":9}},"loc":{"start":{"line":65,"column":53},"end":{"line":80,"column":5}}},"5":{"name":"(anonymous_18)","decl":{"start":{"line":88,"column":4},"end":{"line":88,"column":9}},"loc":{"start":{"line":88,"column":27},"end":{"line":94,"column":5}}}},"branchMap":{"0":{"loc":{"start":{"line":43,"column":8},"end":{"line":43,"column":null}},"type":"if","locations":[{"start":{"line":43,"column":8},"end":{"line":43,"column":null}},{"start":{},"end":{}}]},"1":{"loc":{"start":{"line":70,"column":8},"end":{"line":74,"column":9}},"type":"if","locations":[{"start":{"line":70,"column":8},"end":{"line":74,"column":9}},{"start":{},"end":{}}]},"2":{"loc":{"start":{"line":77,"column":40},"end":{"line":77,"column":92}},"type":"cond-expr","locations":[{"start":{"line":77,"column":62},"end":{"line":77,"column":78}},{"start":{"line":77,"column":80},"end":{"line":77,"column":92}}]},"3":{"loc":{"start":{"line":92,"column":8},"end":{"line":92,"column":null}},"type":"if","locations":[{"start":{"line":92,"column":8},"end":{"line":92,"column":null}},{"start":{},"end":{}}]},"4":{"loc":{"start":{"line":21,"column":26},"end":{"line":21,"column":42}},"type":"cond-expr","locations":[{"start":{"line":21,"column":36},"end":{"line":21,"column":42}},{"start":{"line":21,"column":36},"end":{"line":21,"column":42}}]},"5":{"loc":{"start":{"line":21,"column":26},"end":{"line":21,"column":36}},"type":"binary-expr","locations":[{"start":{"line":21,"column":26},"end":{"line":21,"column":42}},{"start":{"line":21,"column":26},"end":{"line":21,"column":36}}]}},"s":{"0":1,"1":1,"2":1,"3":1,"4":1,"5":1,"6":7,"7":1,"8":4,"9":4,"10":1,"11":3,"12":1,"13":1,"14":2,"15":2,"16":1,"17":1,"18":2,"19":2,"20":1,"21":1,"22":0,"23":1,"24":1,"25":1},"f":{"0":7,"1":1,"2":4,"3":1,"4":2,"5":1},"b":{"0":[1,3],"1":[1,1],"2":[1,1],"3":[0,1],"4":[1,0],"5":[1,1]}}
}
