TN:
SF:src\app.controller.ts
FN:10,(anonymous_2)
FN:18,(anonymous_3)
FN:27,(anonymous_4)
FNF:3
FNH:2
FNDA:1,(anonymous_2)
FNDA:1,(anonymous_3)
FNDA:0,(anonymous_4)
DA:1,1
DA:2,1
DA:8,1
DA:10,1
DA:18,1
DA:19,1
DA:27,1
DA:28,0
LF:8
LH:7
BRDA:10,0,0,1
BRDA:10,0,1,0
BRDA:10,1,0,1
BRDA:10,1,1,1
BRF:4
BRH:3
end_of_record
TN:
SF:src\app.module.ts
FN:28,(anonymous_1)
FNF:1
FNH:0
FNDA:0,(anonymous_1)
DA:1,0
DA:2,0
DA:3,0
DA:4,0
DA:5,0
DA:7,0
DA:8,0
DA:9,0
DA:28,0
DA:52,0
LF:10
LH:0
BRF:0
BRH:0
end_of_record
TN:
SF:src\app.service.ts
FN:13,(anonymous_1)
FN:20,(anonymous_2)
FNF:2
FNH:1
FNDA:1,(anonymous_1)
FNDA:0,(anonymous_2)
DA:1,1
DA:8,1
DA:14,1
DA:21,0
LF:4
LH:3
BRF:0
BRH:0
end_of_record
TN:
SF:src\common\exceptions\bussiness.exception.ts
FN:15,(anonymous_0)
FNF:1
FNH:0
FNDA:0,(anonymous_0)
DA:1,0
DA:10,0
DA:17,0
LF:3
LH:0
BRF:0
BRH:0
end_of_record
TN:
SF:src\common\pipes\parse-uppertrim.pipe.ts
FN:6,(anonymous_1)
FNF:1
FNH:0
FNDA:0,(anonymous_1)
DA:1,0
DA:4,0
DA:7,0
DA:8,0
DA:10,0
LF:5
LH:0
BRDA:7,0,0,0
BRDA:7,0,1,0
BRF:2
BRH:0
end_of_record
TN:
SF:src\common\pipes\filters\http-exception.filter.ts
FN:17,(anonymous_1)
FNF:1
FNH:0
FNDA:0,(anonymous_1)
DA:1,0
DA:11,0
DA:19,0
DA:20,0
DA:21,0
DA:25,0
DA:30,0
DA:35,0
LF:8
LH:0
BRDA:25,0,0,0
BRDA:25,0,1,0
BRDA:30,1,0,0
BRDA:30,1,1,0
BRF:4
BRH:0
end_of_record
TN:
SF:src\modules\auth\auth.controller.ts
FN:16,(anonymous_4)
FN:24,(anonymous_5)
FN:35,(anonymous_6)
FN:47,(anonymous_7)
FNF:4
FNH:0
FNDA:0,(anonymous_4)
FNDA:0,(anonymous_5)
FNDA:0,(anonymous_6)
FNDA:0,(anonymous_7)
DA:1,0
DA:2,0
DA:3,0
DA:4,0
DA:5,0
DA:13,0
DA:16,0
DA:24,0
DA:25,0
DA:35,0
DA:36,0
DA:47,0
DA:48,0
LF:13
LH:0
BRDA:24,0,0,0
BRDA:24,0,1,0
BRDA:24,1,0,0
BRDA:24,1,1,0
BRDA:35,2,0,0
BRDA:35,2,1,0
BRDA:35,3,0,0
BRDA:35,3,1,0
BRDA:16,4,0,0
BRDA:16,4,1,0
BRDA:16,5,0,0
BRDA:16,5,1,0
BRF:12
BRH:0
end_of_record
TN:
SF:src\modules\auth\auth.module.ts
FN:28,(anonymous_1)
FNF:1
FNH:0
FNDA:0,(anonymous_1)
DA:1,0
DA:2,0
DA:3,0
DA:4,0
DA:5,0
DA:6,0
DA:7,0
DA:8,0
DA:9,0
DA:10,0
DA:28,0
DA:42,0
LF:12
LH:0
BRDA:31,0,0,0
BRDA:31,0,1,0
BRF:2
BRH:0
end_of_record
TN:
SF:src\modules\auth\auth.service.ts
FN:18,(anonymous_13)
FN:33,(anonymous_14)
FN:52,(anonymous_15)
FNF:3
FNH:0
FNDA:0,(anonymous_13)
FNDA:0,(anonymous_14)
FNDA:0,(anonymous_15)
DA:1,0
DA:3,0
DA:4,0
DA:5,0
DA:7,0
DA:9,0
DA:16,0
DA:21,0
DA:23,0
DA:35,0
DA:37,0
DA:39,0
DA:40,0
DA:54,0
DA:57,0
DA:59,0
DA:64,0
DA:67,0
DA:69,0
DA:74,0
DA:76,0
DA:78,0
LF:22
LH:0
BRDA:57,0,0,0
BRDA:57,0,1,0
BRDA:67,1,0,0
BRDA:67,1,1,0
BRDA:21,2,0,0
BRDA:21,2,1,0
BRDA:21,3,0,0
BRDA:21,3,1,0
BRDA:21,4,0,0
BRDA:21,4,1,0
BRDA:21,5,0,0
BRDA:21,5,1,0
BRF:12
BRH:0
end_of_record
TN:
SF:src\modules\auth\jwt.guard.ts
FNF:0
FNH:0
DA:1,0
DA:2,0
DA:11,0
LF:3
LH:0
BRF:0
BRH:0
end_of_record
TN:
SF:src\modules\auth\jwt.strategy.ts
FN:18,(anonymous_2)
FN:36,(anonymous_3)
FNF:2
FNH:0
FNDA:0,(anonymous_2)
FNDA:0,(anonymous_3)
DA:1,0
DA:2,0
DA:3,0
DA:4,0
DA:13,0
DA:18,0
DA:19,0
DA:37,0
LF:8
LH:0
BRDA:18,0,0,0
BRDA:18,0,1,0
BRDA:18,1,0,0
BRDA:18,1,1,0
BRF:4
BRH:0
end_of_record
TN:
SF:src\modules\auth\roles.decorator.ts
FN:14,(anonymous_0)
FNF:1
FNH:0
FNDA:0,(anonymous_0)
DA:1,0
DA:6,0
DA:14,0
LF:3
LH:0
BRF:0
BRH:0
end_of_record
TN:
SF:src\modules\auth\roles.guard.ts
FN:16,(anonymous_2)
FN:22,(anonymous_3)
FNF:2
FNH:0
FNDA:0,(anonymous_2)
FNDA:0,(anonymous_3)
DA:1,0
DA:2,0
DA:4,0
DA:5,0
DA:14,0
DA:16,0
DA:24,0
DA:30,0
DA:33,0
DA:36,0
DA:39,0
DA:41,0
DA:44,0
LF:13
LH:0
BRDA:30,0,0,0
BRDA:30,0,1,0
BRDA:36,1,0,0
BRDA:36,1,1,0
BRDA:39,2,0,0
BRDA:39,2,1,0
BRDA:16,3,0,0
BRDA:16,3,1,0
BRDA:16,4,0,0
BRDA:16,4,1,0
BRF:10
BRH:0
end_of_record
TN:
SF:src\modules\products\products.controller.ts
FN:22,(anonymous_4)
FN:30,(anonymous_5)
FN:42,(anonymous_6)
FN:56,(anonymous_7)
FN:71,(anonymous_8)
FN:86,(anonymous_9)
FNF:6
FNH:0
FNDA:0,(anonymous_4)
FNDA:0,(anonymous_5)
FNDA:0,(anonymous_6)
FNDA:0,(anonymous_7)
FNDA:0,(anonymous_8)
FNDA:0,(anonymous_9)
DA:1,0
DA:2,0
DA:3,0
DA:4,0
DA:5,0
DA:6,0
DA:7,0
DA:8,0
DA:9,0
DA:18,0
DA:22,0
DA:30,0
DA:31,0
DA:42,0
DA:43,0
DA:56,0
DA:57,0
DA:71,0
DA:72,0
DA:86,0
DA:89,0
LF:21
LH:0
BRDA:56,0,0,0
BRDA:56,0,1,0
BRDA:56,1,0,0
BRDA:56,1,1,0
BRDA:71,2,0,0
BRDA:71,2,1,0
BRDA:71,3,0,0
BRDA:71,3,1,0
BRDA:22,4,0,0
BRDA:22,4,1,0
BRDA:22,5,0,0
BRDA:22,5,1,0
BRF:12
BRH:0
end_of_record
TN:
SF:src\modules\products\products.module.ts
FNF:0
FNH:0
DA:1,0
DA:2,0
DA:3,0
DA:4,0
DA:5,0
DA:6,0
DA:28,0
LF:7
LH:0
BRF:0
BRH:0
end_of_record
TN:
SF:src\modules\products\products.service.ts
FN:28,(anonymous_4)
FN:42,(anonymous_5)
FN:55,(anonymous_6)
FN:111,(anonymous_7)
FN:127,(anonymous_8)
FN:143,(anonymous_9)
FNF:6
FNH:0
FNDA:0,(anonymous_4)
FNDA:0,(anonymous_5)
FNDA:0,(anonymous_6)
FNDA:0,(anonymous_7)
FNDA:0,(anonymous_8)
FNDA:0,(anonymous_9)
DA:1,0
DA:2,0
DA:3,0
DA:6,0
DA:7,0
DA:22,0
DA:31,0
DA:33,0
DA:43,0
DA:59,0
DA:60,0
DA:66,0
DA:73,0
DA:74,0
DA:75,0
DA:76,0
DA:80,0
DA:83,0
DA:84,0
DA:89,0
DA:96,0
DA:98,0
DA:102,0
DA:113,0
DA:115,0
DA:129,0
DA:131,0
DA:146,0
DA:151,0
DA:153,0
DA:156,0
LF:31
LH:0
BRDA:73,0,0,0
BRDA:73,0,1,0
BRDA:75,1,0,0
BRDA:75,1,1,0
BRDA:80,2,0,0
BRDA:80,2,1,0
BRDA:96,3,0,0
BRDA:96,3,1,0
BRDA:96,4,0,0
BRDA:96,4,1,0
BRDA:151,5,0,0
BRDA:151,5,1,0
BRDA:31,6,0,0
BRDA:31,6,1,0
BRDA:31,7,0,0
BRDA:31,7,1,0
BRDA:31,8,0,0
BRDA:31,8,1,0
BRDA:31,9,0,0
BRDA:31,9,1,0
BRF:20
BRH:0
end_of_record
TN:
SF:src\modules\users\users.controller.ts
FN:20,(anonymous_4)
FN:30,(anonymous_5)
FN:43,(anonymous_6)
FN:57,(anonymous_7)
FN:71,(anonymous_8)
FN:84,(anonymous_9)
FNF:6
FNH:0
FNDA:0,(anonymous_4)
FNDA:0,(anonymous_5)
FNDA:0,(anonymous_6)
FNDA:0,(anonymous_7)
FNDA:0,(anonymous_8)
FNDA:0,(anonymous_9)
DA:1,0
DA:2,0
DA:3,0
DA:4,0
DA:5,0
DA:6,0
DA:7,0
DA:8,0
DA:18,0
DA:20,0
DA:30,0
DA:31,0
DA:43,0
DA:45,0
DA:57,0
DA:58,0
DA:71,0
DA:72,0
DA:84,0
DA:85,0
LF:20
LH:0
BRDA:57,0,0,0
BRDA:57,0,1,0
BRDA:57,1,0,0
BRDA:57,1,1,0
BRDA:71,2,0,0
BRDA:71,2,1,0
BRDA:71,3,0,0
BRDA:71,3,1,0
BRDA:20,4,0,0
BRDA:20,4,1,0
BRDA:20,5,0,0
BRDA:20,5,1,0
BRF:12
BRH:0
end_of_record
TN:
SF:src\modules\users\users.module.ts
FNF:0
FNH:0
DA:1,0
DA:2,0
DA:3,0
DA:4,0
DA:5,0
DA:17,0
LF:6
LH:0
BRF:0
BRH:0
end_of_record
TN:
SF:src\modules\users\users.service.ts
FN:17,(anonymous_13)
FN:29,(anonymous_14)
FN:40,(anonymous_15)
FN:54,(anonymous_16)
FN:65,(anonymous_17)
FN:88,(anonymous_18)
FNF:6
FNH:6
FNDA:7,(anonymous_13)
FNDA:1,(anonymous_14)
FNDA:4,(anonymous_15)
FNDA:1,(anonymous_16)
FNDA:2,(anonymous_17)
FNDA:1,(anonymous_18)
DA:1,1
DA:2,1
DA:6,1
DA:7,1
DA:8,1
DA:15,1
DA:21,7
DA:30,1
DA:42,4
DA:43,4
DA:44,3
DA:55,1
DA:56,1
DA:67,2
DA:70,2
DA:72,1
DA:73,1
DA:77,2
DA:79,2
DA:90,1
DA:92,1
DA:93,1
LF:22
LH:22
BRDA:43,0,0,1
BRDA:43,0,1,3
BRDA:70,1,0,1
BRDA:70,1,1,1
BRDA:77,2,0,1
BRDA:77,2,1,1
BRDA:92,3,0,0
BRDA:92,3,1,1
BRDA:21,4,0,1
BRDA:21,4,1,0
BRDA:21,5,0,1
BRDA:21,5,1,1
BRF:12
BRH:10
end_of_record
